D, [2015-10-21T09:20:13.524574 #5899] DEBUG -- :   [1m[36m (2.5ms)[0m  [1mCREATE TABLE "schema_migrations" ("version" varchar NOT NULL) [0m
D, [2015-10-21T09:20:13.524826 #5899] DEBUG -- :   [1m[35m (0.1ms)[0m  select sqlite_version(*)
D, [2015-10-21T09:20:13.525867 #5899] DEBUG -- :   [1m[36m (0.7ms)[0m  [1mCREATE UNIQUE INDEX "unique_schema_migrations" ON "schema_migrations" ("version")[0m
D, [2015-10-23T17:54:20.515550 #16004] DEBUG -- :   [1m[36mActiveRecord::SchemaMigration Load (0.1ms)[0m  [1mSELECT "schema_migrations".* FROM "schema_migrations"[0m
I, [2015-10-23T17:54:20.518653 #16004]  INFO -- : Migrating to CreateExoticPlants (20151017123147)
D, [2015-10-23T17:54:20.519786 #16004] DEBUG -- :   [1m[35m (0.0ms)[0m  begin transaction
D, [2015-10-23T17:54:20.521077 #16004] DEBUG -- :   [1m[36m (0.4ms)[0m  [1mCREATE TABLE "plants" ("id" INTEGER PRIMARY KEY AUTOINCREMENT NOT NULL, "name" varchar, "description" text, "created_at" datetime, "updated_at" datetime) [0m
D, [2015-10-23T17:54:20.525823 #16004] DEBUG -- :   [1m[35mSQL (0.1ms)[0m  INSERT INTO "schema_migrations" ("version") VALUES (?)  [["version", "20151017123147"]]
D, [2015-10-23T17:54:20.528528 #16004] DEBUG -- :   [1m[36m (2.5ms)[0m  [1mcommit transaction[0m
D, [2015-10-23T17:56:06.447584 #16018] DEBUG -- :   [1m[36mActiveRecord::SchemaMigration Load (0.1ms)[0m  [1mSELECT "schema_migrations".* FROM "schema_migrations"[0m
D, [2015-10-23T17:56:14.445255 #16025] DEBUG -- :   [1m[36m (2.7ms)[0m  [1mCREATE TABLE "schema_migrations" ("version" varchar NOT NULL) [0m
D, [2015-10-23T17:56:14.445551 #16025] DEBUG -- :   [1m[35m (0.1ms)[0m  select sqlite_version(*)
D, [2015-10-23T17:56:14.446847 #16025] DEBUG -- :   [1m[36m (0.8ms)[0m  [1mCREATE UNIQUE INDEX "unique_schema_migrations" ON "schema_migrations" ("version")[0m
D, [2015-10-23T17:56:14.447703 #16025] DEBUG -- :   [1m[35mActiveRecord::SchemaMigration Load (0.1ms)[0m  SELECT "schema_migrations".* FROM "schema_migrations"
I, [2015-10-23T17:56:14.452149 #16025]  INFO -- : Migrating to CreateExoticPlants (20151017123147)
D, [2015-10-23T17:56:14.453672 #16025] DEBUG -- :   [1m[36m (0.1ms)[0m  [1mbegin transaction[0m
D, [2015-10-23T17:56:14.455665 #16025] DEBUG -- :   [1m[35m (0.5ms)[0m  CREATE TABLE "plants" ("id" INTEGER PRIMARY KEY AUTOINCREMENT NOT NULL, "name" varchar, "description" text, "created_at" datetime, "updated_at" datetime) 
D, [2015-10-23T17:56:14.462547 #16025] DEBUG -- :   [1m[36mSQL (0.1ms)[0m  [1mINSERT INTO "schema_migrations" ("version") VALUES (?)[0m  [["version", "20151017123147"]]
D, [2015-10-23T17:56:14.463350 #16025] DEBUG -- :   [1m[35m (0.6ms)[0m  commit transaction
D, [2015-10-28T13:59:41.092206 #5473] DEBUG -- :   [1m[36m (0.9ms)[0m  [1mCREATE TABLE "schema_migrations" ("version" varchar NOT NULL) [0m
D, [2015-10-28T13:59:41.092381 #5473] DEBUG -- :   [1m[35m (0.0ms)[0m  select sqlite_version(*)
D, [2015-10-28T13:59:41.093768 #5473] DEBUG -- :   [1m[36m (1.0ms)[0m  [1mCREATE UNIQUE INDEX "unique_schema_migrations" ON "schema_migrations" ("version")[0m
D, [2015-10-28T13:59:41.094327 #5473] DEBUG -- :   [1m[35mActiveRecord::SchemaMigration Load (0.1ms)[0m  SELECT "schema_migrations".* FROM "schema_migrations"
I, [2015-10-28T13:59:41.097912 #5473]  INFO -- : Migrating to CreateExoticPlants (20151017123147)
D, [2015-10-28T13:59:41.099151 #5473] DEBUG -- :   [1m[36m (0.0ms)[0m  [1mbegin transaction[0m
D, [2015-10-28T13:59:41.100441 #5473] DEBUG -- :   [1m[35m (0.3ms)[0m  CREATE TABLE "plants" ("id" INTEGER PRIMARY KEY AUTOINCREMENT NOT NULL, "name" varchar, "description" text, "created_at" datetime, "updated_at" datetime) 
D, [2015-10-28T13:59:41.106766 #5473] DEBUG -- :   [1m[36mSQL (0.1ms)[0m  [1mINSERT INTO "schema_migrations" ("version") VALUES (?)[0m  [["version", "20151017123147"]]
D, [2015-10-28T13:59:41.107620 #5473] DEBUG -- :   [1m[35m (0.7ms)[0m  commit transaction
D, [2015-10-28T14:04:16.590399 #5663] DEBUG -- :   [1m[36m (2.5ms)[0m  [1mCREATE TABLE "schema_migrations" ("version" varchar NOT NULL) [0m
D, [2015-10-28T14:04:16.590621 #5663] DEBUG -- :   [1m[35m (0.1ms)[0m  select sqlite_version(*)
D, [2015-10-28T14:04:16.591537 #5663] DEBUG -- :   [1m[36m (0.6ms)[0m  [1mCREATE UNIQUE INDEX "unique_schema_migrations" ON "schema_migrations" ("version")[0m
D, [2015-10-28T14:04:16.592139 #5663] DEBUG -- :   [1m[35mActiveRecord::SchemaMigration Load (0.1ms)[0m  SELECT "schema_migrations".* FROM "schema_migrations"
I, [2015-10-28T14:04:16.595658 #5663]  INFO -- : Migrating to CreateExoticPlants (20151017123147)
D, [2015-10-28T14:04:16.596792 #5663] DEBUG -- :   [1m[36m (0.0ms)[0m  [1mbegin transaction[0m
D, [2015-10-28T14:04:16.598132 #5663] DEBUG -- :   [1m[35m (0.4ms)[0m  CREATE TABLE "plants" ("id" INTEGER PRIMARY KEY AUTOINCREMENT NOT NULL, "name" varchar, "description" text, "created_at" datetime, "updated_at" datetime) 
D, [2015-10-28T14:04:16.604152 #5663] DEBUG -- :   [1m[36mSQL (0.4ms)[0m  [1mINSERT INTO "schema_migrations" ("version") VALUES (?)[0m  [["version", "20151017123147"]]
D, [2015-10-28T14:04:16.605221 #5663] DEBUG -- :   [1m[35m (0.8ms)[0m  commit transaction
D, [2015-10-29T09:24:10.426882 #6951] DEBUG -- :   [1m[36mActiveRecord::SchemaMigration Load (0.1ms)[0m  [1mSELECT "schema_migrations".* FROM "schema_migrations"[0m
D, [2015-10-29T09:24:25.298152 #6963] DEBUG -- :   [1m[36m (2.8ms)[0m  [1mCREATE TABLE "schema_migrations" ("version" varchar NOT NULL) [0m
D, [2015-10-29T09:24:25.298522 #6963] DEBUG -- :   [1m[35m (0.1ms)[0m  select sqlite_version(*)
D, [2015-10-29T09:24:25.300237 #6963] DEBUG -- :   [1m[36m (1.2ms)[0m  [1mCREATE UNIQUE INDEX "unique_schema_migrations" ON "schema_migrations" ("version")[0m
D, [2015-10-29T09:24:25.301260 #6963] DEBUG -- :   [1m[35mActiveRecord::SchemaMigration Load (0.1ms)[0m  SELECT "schema_migrations".* FROM "schema_migrations"
I, [2015-10-29T09:24:25.306127 #6963]  INFO -- : Migrating to CreateExoticPlants (20151017123147)
D, [2015-10-29T09:24:25.308101 #6963] DEBUG -- :   [1m[36m (0.1ms)[0m  [1mbegin transaction[0m
D, [2015-10-29T09:24:25.309942 #6963] DEBUG -- :   [1m[35m (0.6ms)[0m  CREATE TABLE "plants" ("id" INTEGER PRIMARY KEY AUTOINCREMENT NOT NULL, "name" varchar, "description" text, "created_at" datetime, "updated_at" datetime) 
D, [2015-10-29T09:24:25.316504 #6963] DEBUG -- :   [1m[36mSQL (0.1ms)[0m  [1mINSERT INTO "schema_migrations" ("version") VALUES (?)[0m  [["version", "20151017123147"]]
D, [2015-10-29T09:24:25.317202 #6963] DEBUG -- :   [1m[35m (0.5ms)[0m  commit transaction
D, [2015-10-29T09:24:39.198227 #6974] DEBUG -- :   [1m[36mActiveRecord::SchemaMigration Load (0.1ms)[0m  [1mSELECT "schema_migrations".* FROM "schema_migrations"[0m
